<?xml version="1.0" encoding="UTF-8"?>
<!-- Generated by org.testng.reporters.JUnitReportReporter -->
<testsuite hostname="ImmanuelPaul" failures="0" tests="1" name="regression.ValidateCheckOut" time="11.351" errors="0" timestamp="2025-03-24T18:46:14 IST" skipped="0">
  <testcase classname="regression.ValidateCheckOut" name="validateLoginTest1" time="11.351"/>
  <system-out/>
</testsuite> <!-- regression.ValidateCheckOut -->
