<?xml version="1.0" encoding="UTF-8"?>
<!-- Generated by org.testng.reporters.JUnitReportReporter -->
<testsuite hostname="ImmanuelPaul" failures="0" tests="1" name="smoke.ValidateRegistration" time="12.392" errors="0" timestamp="2025-03-25T11:32:33 IST" skipped="0">
  <testcase classname="smoke.ValidateRegistration" name="validateRegistrationTest1" time="12.392"/>
  <system-out/>
</testsuite> <!-- smoke.ValidateRegistration -->
