<?xml version="1.0" encoding="UTF-8"?>
<!-- Generated by org.testng.reporters.JUnitReportReporter -->
<testsuite hostname="ImmanuelPaul" failures="0" tests="4" name="regression.ValidateLogin" time="61.136" errors="0" timestamp="2025-03-23T21:31:01 IST" skipped="0">
  <testcase classname="regression.ValidateLogin" name="validateLoginTest1" time="10.772"/>
  <system-out/>
  <testcase classname="regression.ValidateLogin" name="validateLoginTest1" time="14.940"/>
  <system-out/>
  <testcase classname="regression.ValidateLogin" name="validateLoginTest1" time="16.108"/>
  <system-out/>
  <testcase classname="regression.ValidateLogin" name="validateLoginTest1" time="19.316"/>
  <system-out/>
</testsuite> <!-- regression.ValidateLogin -->
