<?xml version="1.0" encoding="UTF-8"?>
<!-- Generated by org.testng.reporters.JUnitReportReporter -->
<testsuite hostname="ImmanuelPaul" failures="0" tests="1" name="regression.ValidateLoginExcel" time="11.647" errors="0" timestamp="2025-03-24T17:55:17 IST" skipped="0">
  <testcase classname="regression.ValidateLoginExcel" name="validateLoginTest1" time="11.647"/>
  <system-out/>
</testsuite> <!-- regression.ValidateLoginExcel -->
