<?xml version="1.0" encoding="UTF-8"?>
<!-- Generated by org.testng.reporters.JUnitReportReporter -->
<testsuite hostname="ImmanuelPaul" failures="0" tests="1" name="smoke.ValidateLoginDataKeywordDriven" time="13.708" errors="0" timestamp="2025-03-25T11:39:20 IST" skipped="0">
  <testcase classname="smoke.ValidateLoginDataKeywordDriven" name="validateLoginTest1" time="13.708"/>
  <system-out/>
</testsuite> <!-- smoke.ValidateLoginDataKeywordDriven -->
