<?xml version="1.0" encoding="UTF-8"?>
<!-- Generated by org.testng.reporters.JUnitReportReporter -->
<testsuite hostname="ImmanuelPaul" failures="0" tests="1" name="smoke.ValidateCheckOut" time="16.001" errors="0" timestamp="2025-03-25T18:50:25 IST" skipped="0">
  <testcase classname="smoke.ValidateCheckOut" name="validateCheckOutTest" time="16.001"/>
  <system-out/>
</testsuite> <!-- smoke.ValidateCheckOut -->
